<?xml version="1.0" encoding="UTF-8"?>
<testsuite xmlns:xsi="http://www.w3.org/2001/XMLSchema-instance" xsi:noNamespaceSchemaLocation="https://maven.apache.org/surefire/maven-surefire-plugin/xsd/surefire-test-report-3.0.xsd" version="3.0" name="com.relatosdepapel.api.BooksApiTest" time="2.965" tests="5" errors="0" skipped="0" failures="0">
  <properties>
[...]
</properties>
  <testcase name="shouldCreateBook(TestInfo)" classname="com.relatosdepapel.api.BooksApiTest" time="2.196">
    <system-out><![CDATA[HTTP/1.1 201 
Content-Type: application/json
Transfer-Encoding: chunked
Date: Thu, 19 Feb 2026 14:06:48 GMT
Keep-Alive: timeout=60
Connection: keep-alive

{
    "id": 29,
    "title": "Libro Test Automatizado",
    "author": "QA Master",
    "isbn": "ISBN1771510006828",
    "price": 40000.0,
    "stock": 20,
    "category": "Testing",
    "publicationDate": "2024-01-01",
    "rating": 5,
    "visible": true,
    "coverImageUrl": null
}
]]></system-out>
    <system-err><![CDATA[SLF4J(W): No SLF4J providers were found.
SLF4J(W): Defaulting to no-operation (NOP) logger implementation
SLF4J(W): See https://www.slf4j.org/codes.html#noProviders for further details.
]]></system-err>
  </testcase>
  <testcase name="shouldGetCreatedBook(TestInfo)" classname="com.relatosdepapel.api.BooksApiTest" time="0.082">
    <system-out><![CDATA[HTTP/1.1 200 
Content-Type: application/json
Transfer-Encoding: chunked
Date: Thu, 19 Feb 2026 14:06:49 GMT
Keep-Alive: timeout=60
Connection: keep-alive

{
    "id": 29,
    "title": "Libro Test Automatizado",
    "author": "QA Master",
    "isbn": "ISBN1771510006828",
    "price": 40000.00,
    "stock": 20,
    "category": "Testing",
    "publicationDate": "2024-01-01",
    "rating": 5,
    "visible": true,
    "coverImageUrl": null
}
]]></system-out>
  </testcase>
  <testcase name="shouldUpdateBook(TestInfo)" classname="com.relatosdepapel.api.BooksApiTest" time="0.224">
    <system-out><![CDATA[HTTP/1.1 200 
Content-Type: application/json
Transfer-Encoding: chunked
Date: Thu, 19 Feb 2026 14:06:49 GMT
Keep-Alive: timeout=60
Connection: keep-alive

{
    "id": 29,
    "title": "Libro Test Actualizado",
    "author": "QA Master",
    "isbn": "ISBN1771510009116",
    "price": 50000.0,
    "stock": 10,
    "category": "Testing",
    "publicationDate": "2024-01-01",
    "rating": 4,
    "visible": true,
    "coverImageUrl": null
}
]]></system-out>
  </testcase>
  <testcase name="shouldDeleteBook(TestInfo)" classname="com.relatosdepapel.api.BooksApiTest" time="0.128">
    <system-out><![CDATA[HTTP/1.1 204 
Date: Thu, 19 Feb 2026 14:06:49 GMT
Keep-Alive: timeout=60
Connection: keep-alive
]]></system-out>
  </testcase>
  <testcase name="shouldNotFindDeletedBook(TestInfo)" classname="com.relatosdepapel.api.BooksApiTest" time="0.025">
    <system-out><![CDATA[HTTP/1.1 400 
Content-Type: application/json
Transfer-Encoding: chunked
Date: Thu, 19 Feb 2026 14:06:49 GMT
Connection: close

{
    "error": "Invalid data",
    "message": "Book not found"
}
]]></system-out>
  </testcase>
</testsuite>