<?xml version="1.0" encoding="UTF-8"?>
<testsuite xmlns:xsi="http://www.w3.org/2001/XMLSchema-instance" xsi:noNamespaceSchemaLocation="https://maven.apache.org/surefire/maven-surefire-plugin/xsd/surefire-test-report-3.0.xsd" version="3.0" name="com.relatosdepapel.runners.TestRunner" time="20.102" tests="2" errors="0" skipped="0" failures="0">
  <properties>
[...]
</properties>
  <testcase name="Compra exitosa" classname="Checkout de libros" time="11.232">
    <system-out><![CDATA[
@ui
Scenario: Compra exitosa                   &amp#27;[90m# features/checkout.feature:4&amp#27;[0m
  &amp#27;[32mGiven &amp#27;[0m&amp#27;[32mel usuario inicia sesión&amp#27;[0m           &amp#27;[90m# com.relatosdepapel.steps.CheckoutSteps.login()&amp#27;[0m
  &amp#27;[32mAnd &amp#27;[0m&amp#27;[32magrega libros al carrito&amp#27;[0m             &amp#27;[90m# com.relatosdepapel.steps.CheckoutSteps.addBooks()&amp#27;[0m
Antes del click URL: http://localhost:5173/home
Después del click URL: http://localhost:5173/checkout
  &amp#27;[32mWhen &amp#27;[0m&amp#27;[32mprocede al checkout&amp#27;[0m                 &amp#27;[90m# com.relatosdepapel.steps.CheckoutSteps.goToCheckout()&amp#27;[0m
Popup text: ¡Compra procesada exitosamente! Gracias por tu compra.
  &amp#27;[32mAnd &amp#27;[0m&amp#27;[32mcompleta el formulario correctamente&amp#27;[0m &amp#27;[90m# com.relatosdepapel.steps.CheckoutSteps.fillForm()&amp#27;[0m
  &amp#27;[32mThen &amp#27;[0m&amp#27;[32mla compra se procesa exitosamente&amp#27;[0m   &amp#27;[90m# com.relatosdepapel.steps.CheckoutSteps.validateSuccess()&amp#27;[0m
]]></system-out>
    <system-err><![CDATA[[main] INFO io.github.bonigarcia.wdm.WebDriverManager - Using chromedriver 144.0.7559.133 (resolved driver for Chrome 144)
[main] INFO io.github.bonigarcia.wdm.WebDriverManager - Exporting webdriver.chrome.driver as C:\Users\valea\.cache\selenium\chromedriver\win64\144.0.7559.133\chromedriver.exe
feb 19, 2026 9:12:45 A. M. org.openqa.selenium.devtools.CdpVersionFinder findNearestMatch
WARNING: Unable to find CDP implementation matching 144
feb 19, 2026 9:12:45 A. M. org.openqa.selenium.chromium.ChromiumDriver lambda$new$5
WARNING: Unable to find version of CDP to use for 144.0.7559.133. You may need to include a dependency on a specific version of the CDP using something similar to `org.seleniumhq.selenium:selenium-devtools-v86:4.21.0` where the version ("v86") matches the version of the chromium-based browser you're using and the version number of the artifact is the same as Selenium's.
]]></system-err>
  </testcase>
  <testcase name="Compra sin datos" classname="Checkout de libros" time="8.516">
    <system-out><![CDATA[
@ui
Scenario: Compra sin datos               &amp#27;[90m# features/checkout.feature:11&amp#27;[0m
  &amp#27;[32mGiven &amp#27;[0m&amp#27;[32mel usuario inicia sesión&amp#27;[0m         &amp#27;[90m# com.relatosdepapel.steps.CheckoutSteps.login()&amp#27;[0m
  &amp#27;[32mAnd &amp#27;[0m&amp#27;[32magrega libros al carrito&amp#27;[0m           &amp#27;[90m# com.relatosdepapel.steps.CheckoutSteps.addBooks()&amp#27;[0m
Antes del click URL: http://localhost:5173/home
Después del click URL: http://localhost:5173/checkout
  &amp#27;[32mWhen &amp#27;[0m&amp#27;[32mprocede al checkout&amp#27;[0m               &amp#27;[90m# com.relatosdepapel.steps.CheckoutSteps.goToCheckout()&amp#27;[0m
  &amp#27;[32mAnd &amp#27;[0m&amp#27;[32mintenta confirmar sin llenar datos&amp#27;[0m &amp#27;[90m# com.relatosdepapel.steps.CheckoutSteps.confirmWithoutData()&amp#27;[0m
  &amp#27;[32mThen &amp#27;[0m&amp#27;[32mse muestran errores de validación&amp#27;[0m &amp#27;[90m# com.relatosdepapel.steps.CheckoutSteps.validateErrors()&amp#27;[0m
]]></system-out>
    <system-err><![CDATA[[main] INFO io.github.bonigarcia.wdm.WebDriverManager - Using chromedriver 144.0.7559.133 (resolved driver for Chrome 144)
[main] INFO io.github.bonigarcia.wdm.WebDriverManager - Exporting webdriver.chrome.driver as C:\Users\valea\.cache\selenium\chromedriver\win64\144.0.7559.133\chromedriver.exe
feb 19, 2026 9:12:56 A. M. org.openqa.selenium.devtools.CdpVersionFinder findNearestMatch
WARNING: Unable to find CDP implementation matching 144
feb 19, 2026 9:12:56 A. M. org.openqa.selenium.chromium.ChromiumDriver lambda$new$5
WARNING: Unable to find version of CDP to use for 144.0.7559.133. You may need to include a dependency on a specific version of the CDP using something similar to `org.seleniumhq.selenium:selenium-devtools-v86:4.21.0` where the version ("v86") matches the version of the chromium-based browser you're using and the version number of the artifact is the same as Selenium's.
]]></system-err>
  </testcase>
</testsuite>